Model: graphsage
target: future_ret_5
epochs: 100
lr: 0.001
weight_decay: 0.0001
hidden_dim: 32
loss_fn: mixed_ic_mse
mse_weight: 0.2
ic_weight: 0.8
early_stopping_patience: 20
topk_list: [10, 30, 50]
features (15): ['ret_1', 'ret_5', 'ret_10', 'ret_20', 'hl_spread', 'co_ret', 'log_vol', 'turnover_rate', 'volume_ratio', 'pb', 'ma5_gap', 'ma10_gap', 'ma20_gap', 'volatility_5', 'volatility_20']
best_epoch: 12
best_val_ic: 0.03963017
epoch=001 train_loss=0.00926340 | val_ic=0.01181250 | best_val_ic=0.01181250 | best_epoch=001
epoch=002 train_loss=-0.00643544 | val_ic=0.01746092 | best_val_ic=0.01746092 | best_epoch=002
epoch=003 train_loss=-0.01512214 | val_ic=0.01582682 | best_val_ic=0.01746092 | best_epoch=002
epoch=004 train_loss=-0.01708978 | val_ic=0.00422492 | best_val_ic=0.01746092 | best_epoch=002
epoch=005 train_loss=-0.01890459 | val_ic=-0.02350061 | best_val_ic=0.01746092 | best_epoch=002
epoch=006 train_loss=-0.02150125 | val_ic=0.02624174 | best_val_ic=0.02624174 | best_epoch=006
epoch=007 train_loss=-0.02434962 | val_ic=0.01180144 | best_val_ic=0.02624174 | best_epoch=006
epoch=008 train_loss=-0.02330006 | val_ic=0.01071649 | best_val_ic=0.02624174 | best_epoch=006
epoch=009 train_loss=-0.02262412 | val_ic=0.01044777 | best_val_ic=0.02624174 | best_epoch=006
epoch=010 train_loss=-0.02435130 | val_ic=0.02490325 | best_val_ic=0.02624174 | best_epoch=006
epoch=011 train_loss=-0.02721817 | val_ic=0.02242512 | best_val_ic=0.02624174 | best_epoch=006
epoch=012 train_loss=-0.02527663 | val_ic=0.03963017 | best_val_ic=0.03963017 | best_epoch=012
epoch=013 train_loss=-0.02866243 | val_ic=0.03299724 | best_val_ic=0.03963017 | best_epoch=012
epoch=014 train_loss=-0.02974933 | val_ic=0.03669206 | best_val_ic=0.03963017 | best_epoch=012
epoch=015 train_loss=-0.02894155 | val_ic=0.03318599 | best_val_ic=0.03963017 | best_epoch=012
epoch=016 train_loss=-0.03476387 | val_ic=0.03312490 | best_val_ic=0.03963017 | best_epoch=012
epoch=017 train_loss=-0.03765781 | val_ic=0.03236083 | best_val_ic=0.03963017 | best_epoch=012
epoch=018 train_loss=-0.03679414 | val_ic=0.02655692 | best_val_ic=0.03963017 | best_epoch=012
epoch=019 train_loss=-0.03739361 | val_ic=0.01036690 | best_val_ic=0.03963017 | best_epoch=012
epoch=020 train_loss=-0.03891731 | val_ic=0.01746920 | best_val_ic=0.03963017 | best_epoch=012
epoch=021 train_loss=-0.04046285 | val_ic=0.02114057 | best_val_ic=0.03963017 | best_epoch=012
epoch=022 train_loss=-0.03975147 | val_ic=0.02053937 | best_val_ic=0.03963017 | best_epoch=012
epoch=023 train_loss=-0.04258275 | val_ic=0.02360634 | best_val_ic=0.03963017 | best_epoch=012
epoch=024 train_loss=-0.04217604 | val_ic=0.02267232 | best_val_ic=0.03963017 | best_epoch=012
epoch=025 train_loss=-0.04231929 | val_ic=0.02532921 | best_val_ic=0.03963017 | best_epoch=012
epoch=026 train_loss=-0.04346147 | val_ic=0.03096854 | best_val_ic=0.03963017 | best_epoch=012
epoch=027 train_loss=-0.04223945 | val_ic=0.03233619 | best_val_ic=0.03963017 | best_epoch=012
epoch=028 train_loss=-0.04254382 | val_ic=0.02688321 | best_val_ic=0.03963017 | best_epoch=012
epoch=029 train_loss=-0.04213880 | val_ic=0.03742037 | best_val_ic=0.03963017 | best_epoch=012
epoch=030 train_loss=-0.04205001 | val_ic=0.03126073 | best_val_ic=0.03963017 | best_epoch=012
epoch=031 train_loss=-0.04071411 | val_ic=0.03123950 | best_val_ic=0.03963017 | best_epoch=012
epoch=032 train_loss=-0.04002758 | val_ic=0.02366292 | best_val_ic=0.03963017 | best_epoch=012
early_stopping_triggered_at_epoch=032
[train] samples=567032
[train] IC=0.03216410 | RankIC=0.03635568 | SignAcc=0.50654284 | Sharpe=0.32879226 | MSE=0.02173252
[train] Top10 IRR=2.66390042 | Top10 Sharpe=2.54216949
[train] Top30 IRR=3.16868038 | Top30 Sharpe=3.11304211
[train] Top50 IRR=3.28246258 | Top50 Sharpe=3.21947322
[validation] samples=120935
[validation] IC=0.03963017 | RankIC=0.00853815 | SignAcc=0.48909745 | Sharpe=0.33371361 | MSE=0.01190753
[validation] Top10 IRR=1.14240099 | Top10 Sharpe=1.21278222
[validation] Top30 IRR=1.32718651 | Top30 Sharpe=1.30687981
[validation] Top50 IRR=0.90695559 | Top50 Sharpe=1.13459441
[test] samples=118840
[test] IC=-0.00193346 | RankIC=0.02998245 | SignAcc=0.50944968 | Sharpe=0.17201883 | MSE=0.01551829
[test] Top10 IRR=4.68398506 | Top10 Sharpe=4.19440629
[test] Top30 IRR=3.26349338 | Top30 Sharpe=4.02425126
[test] Top50 IRR=3.57589726 | Top50 Sharpe=4.27400658
