Model: appnp
target: future_ret_5
epochs: 100
lr: 0.001
weight_decay: 0.0001
hidden_dim: 32
loss_fn: mixed_ic_mse
mse_weight: 0.2
ic_weight: 0.8
early_stopping_patience: 20
topk_list: [10, 30, 50]
features (21): ['ret_1', 'ret_5', 'ret_10', 'ret_20', 'hl_spread', 'co_ret', 'log_vol', 'turnover_rate', 'volume_ratio', 'pb', 'ma5_gap', 'ma10_gap', 'ma20_gap', 'volatility_5', 'volatility_20', 'has_news_7d', 'news_cnt_7d_log', 'news_sent_dev_7d', 'news_sent_std_7d', 'news_risk_cnt_7d_log', 'news_freshness']
best_epoch: 3
best_val_ic: 0.05432788
epoch=001 train_loss=-0.01427173 | val_ic=0.03594375 | best_val_ic=0.03594375 | best_epoch=001
epoch=002 train_loss=-0.00919284 | val_ic=0.04387982 | best_val_ic=0.04387982 | best_epoch=002
epoch=003 train_loss=-0.01457076 | val_ic=0.05432788 | best_val_ic=0.05432788 | best_epoch=003
epoch=004 train_loss=-0.01943053 | val_ic=0.04509619 | best_val_ic=0.05432788 | best_epoch=003
epoch=005 train_loss=-0.02284730 | val_ic=0.05089387 | best_val_ic=0.05432788 | best_epoch=003
epoch=006 train_loss=-0.02651886 | val_ic=0.01800057 | best_val_ic=0.05432788 | best_epoch=003
epoch=007 train_loss=-0.02616534 | val_ic=0.02655908 | best_val_ic=0.05432788 | best_epoch=003
epoch=008 train_loss=-0.02613902 | val_ic=0.02834529 | best_val_ic=0.05432788 | best_epoch=003
epoch=009 train_loss=-0.02593697 | val_ic=0.04053615 | best_val_ic=0.05432788 | best_epoch=003
epoch=010 train_loss=-0.02376668 | val_ic=0.04364701 | best_val_ic=0.05432788 | best_epoch=003
epoch=011 train_loss=-0.02625224 | val_ic=0.03913726 | best_val_ic=0.05432788 | best_epoch=003
epoch=012 train_loss=-0.02601963 | val_ic=0.04080444 | best_val_ic=0.05432788 | best_epoch=003
epoch=013 train_loss=-0.02626931 | val_ic=0.03437387 | best_val_ic=0.05432788 | best_epoch=003
epoch=014 train_loss=-0.02534186 | val_ic=0.03939771 | best_val_ic=0.05432788 | best_epoch=003
epoch=015 train_loss=-0.02249075 | val_ic=0.04867801 | best_val_ic=0.05432788 | best_epoch=003
epoch=016 train_loss=-0.02596577 | val_ic=0.04028142 | best_val_ic=0.05432788 | best_epoch=003
epoch=017 train_loss=-0.02668321 | val_ic=0.03320046 | best_val_ic=0.05432788 | best_epoch=003
epoch=018 train_loss=-0.02446979 | val_ic=0.03069493 | best_val_ic=0.05432788 | best_epoch=003
epoch=019 train_loss=-0.02738983 | val_ic=0.02982538 | best_val_ic=0.05432788 | best_epoch=003
epoch=020 train_loss=-0.02832328 | val_ic=0.02513896 | best_val_ic=0.05432788 | best_epoch=003
epoch=021 train_loss=-0.02639972 | val_ic=0.02550563 | best_val_ic=0.05432788 | best_epoch=003
epoch=022 train_loss=-0.02793020 | val_ic=0.02512755 | best_val_ic=0.05432788 | best_epoch=003
epoch=023 train_loss=-0.02793118 | val_ic=0.01356658 | best_val_ic=0.05432788 | best_epoch=003
early_stopping_triggered_at_epoch=023
[train] samples=567032
[train] IC=0.04728137 | RankIC=0.05261554 | SignAcc=0.51365708 | Sharpe=0.70940096 | MSE=0.01341729
[train] Top10 IRR=1.77508471 | Top10 Sharpe=1.72210814
[train] Top30 IRR=1.37729609 | Top30 Sharpe=1.78049575
[train] Top50 IRR=1.60659358 | Top50 Sharpe=2.03319063
[validation] samples=120935
[validation] IC=0.05432788 | RankIC=0.05186169 | SignAcc=0.49728366 | Sharpe=1.21137374 | MSE=0.00940489
[validation] Top10 IRR=0.61155376 | Top10 Sharpe=0.93724967
[validation] Top30 IRR=0.57249453 | Top30 Sharpe=0.89880352
[validation] Top50 IRR=0.87345548 | Top50 Sharpe=1.07979914
[test] samples=118840
[test] IC=0.02332280 | RankIC=0.02263883 | SignAcc=0.50751430 | Sharpe=0.61616405 | MSE=0.00942528
[test] Top10 IRR=8.79328324 | Top10 Sharpe=3.13463673
[test] Top30 IRR=7.41475051 | Top30 Sharpe=3.56391993
[test] Top50 IRR=4.52206155 | Top50 Sharpe=3.32271279
