Model: appnp
target: future_ret_5
epochs: 100
lr: 0.001
weight_decay: 0.0001
hidden_dim: 32
loss_fn: mixed_ic_mse
mse_weight: 0.2
ic_weight: 0.8
early_stopping_patience: 20
topk_list: [10, 30, 50]
features (15): ['ret_1', 'ret_5', 'ret_10', 'ret_20', 'hl_spread', 'co_ret', 'log_vol', 'turnover_rate', 'volume_ratio', 'pb', 'ma5_gap', 'ma10_gap', 'ma20_gap', 'volatility_5', 'volatility_20']
best_epoch: 4
best_val_ic: 0.06081044
epoch=001 train_loss=-0.01382732 | val_ic=0.03393462 | best_val_ic=0.03393462 | best_epoch=001
epoch=002 train_loss=-0.00165379 | val_ic=0.04385609 | best_val_ic=0.04385609 | best_epoch=002
epoch=003 train_loss=-0.01041990 | val_ic=0.05038987 | best_val_ic=0.05038987 | best_epoch=003
epoch=004 train_loss=-0.01754817 | val_ic=0.06081044 | best_val_ic=0.06081044 | best_epoch=004
epoch=005 train_loss=-0.01857975 | val_ic=0.05539601 | best_val_ic=0.06081044 | best_epoch=004
epoch=006 train_loss=-0.02054823 | val_ic=0.04231041 | best_val_ic=0.06081044 | best_epoch=004
epoch=007 train_loss=-0.01911582 | val_ic=0.03254546 | best_val_ic=0.06081044 | best_epoch=004
epoch=008 train_loss=-0.02101096 | val_ic=0.03233937 | best_val_ic=0.06081044 | best_epoch=004
epoch=009 train_loss=-0.02015165 | val_ic=0.02740170 | best_val_ic=0.06081044 | best_epoch=004
epoch=010 train_loss=-0.02222766 | val_ic=0.02302220 | best_val_ic=0.06081044 | best_epoch=004
epoch=011 train_loss=-0.02306735 | val_ic=0.02270121 | best_val_ic=0.06081044 | best_epoch=004
epoch=012 train_loss=-0.02001327 | val_ic=0.00569906 | best_val_ic=0.06081044 | best_epoch=004
epoch=013 train_loss=-0.01891597 | val_ic=0.03468672 | best_val_ic=0.06081044 | best_epoch=004
epoch=014 train_loss=-0.01951614 | val_ic=0.03218436 | best_val_ic=0.06081044 | best_epoch=004
epoch=015 train_loss=-0.02104501 | val_ic=0.03092753 | best_val_ic=0.06081044 | best_epoch=004
epoch=016 train_loss=-0.01995775 | val_ic=0.03327394 | best_val_ic=0.06081044 | best_epoch=004
epoch=017 train_loss=-0.02140454 | val_ic=0.03123880 | best_val_ic=0.06081044 | best_epoch=004
epoch=018 train_loss=-0.02033914 | val_ic=0.03090536 | best_val_ic=0.06081044 | best_epoch=004
epoch=019 train_loss=-0.02353984 | val_ic=0.03856034 | best_val_ic=0.06081044 | best_epoch=004
epoch=020 train_loss=-0.02532779 | val_ic=0.03167177 | best_val_ic=0.06081044 | best_epoch=004
epoch=021 train_loss=-0.02255279 | val_ic=0.02877522 | best_val_ic=0.06081044 | best_epoch=004
epoch=022 train_loss=-0.02138403 | val_ic=0.02888570 | best_val_ic=0.06081044 | best_epoch=004
epoch=023 train_loss=-0.02180750 | val_ic=0.02945443 | best_val_ic=0.06081044 | best_epoch=004
epoch=024 train_loss=-0.01864782 | val_ic=0.03725955 | best_val_ic=0.06081044 | best_epoch=004
early_stopping_triggered_at_epoch=024
[train] samples=567032
[train] IC=0.06006376 | RankIC=0.06268803 | SignAcc=0.51750871 | Sharpe=0.85892019 | MSE=0.01152991
[train] Top10 IRR=3.31290084 | Top10 Sharpe=2.20273402
[train] Top30 IRR=2.36381210 | Top30 Sharpe=2.28837134
[train] Top50 IRR=2.62601497 | Top50 Sharpe=2.55438269
[validation] samples=120935
[validation] IC=0.06081044 | RankIC=0.05345652 | SignAcc=0.49954934 | Sharpe=1.18276984 | MSE=0.00849415
[validation] Top10 IRR=0.27482578 | Top10 Sharpe=0.76320689
[validation] Top30 IRR=0.41511193 | Top30 Sharpe=0.81014526
[validation] Top50 IRR=0.96195770 | Top50 Sharpe=1.11316276
[test] samples=118840
[test] IC=0.03168527 | RankIC=0.02415050 | SignAcc=0.50636149 | Sharpe=0.65366172 | MSE=0.00781179
[test] Top10 IRR=7.81984320 | Top10 Sharpe=2.80328013
[test] Top30 IRR=9.13986885 | Top30 Sharpe=3.54925668
[test] Top50 IRR=5.53417930 | Top50 Sharpe=3.35232270
