Model: appnp
target: future_ret_5
epochs: 100
lr: 0.001
weight_decay: 0.0001
hidden_dim: 32
loss_fn: mixed_ic_mse
mse_weight: 0.2
ic_weight: 0.8
early_stopping_patience: 20
topk_list: [10, 30, 50]
features (15): ['ret_1', 'ret_5', 'ret_10', 'ret_20', 'hl_spread', 'co_ret', 'log_vol', 'turnover_rate', 'volume_ratio', 'pb', 'ma5_gap', 'ma10_gap', 'ma20_gap', 'volatility_5', 'volatility_20']
best_epoch: 3
best_val_ic: 0.04359719
epoch=001 train_loss=-0.01179193 | val_ic=0.02751483 | best_val_ic=0.02751483 | best_epoch=001
epoch=002 train_loss=-0.00329452 | val_ic=0.03854034 | best_val_ic=0.03854034 | best_epoch=002
epoch=003 train_loss=-0.01160064 | val_ic=0.04359719 | best_val_ic=0.04359719 | best_epoch=003
epoch=004 train_loss=-0.01440403 | val_ic=0.04100710 | best_val_ic=0.04359719 | best_epoch=003
epoch=005 train_loss=-0.01726320 | val_ic=0.04267878 | best_val_ic=0.04359719 | best_epoch=003
epoch=006 train_loss=-0.01752092 | val_ic=0.03067886 | best_val_ic=0.04359719 | best_epoch=003
epoch=007 train_loss=-0.01765184 | val_ic=0.03219648 | best_val_ic=0.04359719 | best_epoch=003
epoch=008 train_loss=-0.01763365 | val_ic=0.03817337 | best_val_ic=0.04359719 | best_epoch=003
epoch=009 train_loss=-0.01972818 | val_ic=0.03589444 | best_val_ic=0.04359719 | best_epoch=003
epoch=010 train_loss=-0.02048591 | val_ic=0.03526962 | best_val_ic=0.04359719 | best_epoch=003
epoch=011 train_loss=-0.01808550 | val_ic=0.03847552 | best_val_ic=0.04359719 | best_epoch=003
epoch=012 train_loss=-0.02139823 | val_ic=0.03524608 | best_val_ic=0.04359719 | best_epoch=003
epoch=013 train_loss=-0.01804109 | val_ic=0.04172814 | best_val_ic=0.04359719 | best_epoch=003
epoch=014 train_loss=-0.01915917 | val_ic=0.03999591 | best_val_ic=0.04359719 | best_epoch=003
epoch=015 train_loss=-0.02128382 | val_ic=0.04048541 | best_val_ic=0.04359719 | best_epoch=003
epoch=016 train_loss=-0.01741401 | val_ic=0.03775951 | best_val_ic=0.04359719 | best_epoch=003
epoch=017 train_loss=-0.01862261 | val_ic=0.03570175 | best_val_ic=0.04359719 | best_epoch=003
epoch=018 train_loss=-0.02350831 | val_ic=0.03160379 | best_val_ic=0.04359719 | best_epoch=003
epoch=019 train_loss=-0.02197684 | val_ic=0.03589025 | best_val_ic=0.04359719 | best_epoch=003
epoch=020 train_loss=-0.01941090 | val_ic=0.03165763 | best_val_ic=0.04359719 | best_epoch=003
epoch=021 train_loss=-0.02268868 | val_ic=0.02858440 | best_val_ic=0.04359719 | best_epoch=003
epoch=022 train_loss=-0.02420763 | val_ic=0.03263783 | best_val_ic=0.04359719 | best_epoch=003
epoch=023 train_loss=-0.02265008 | val_ic=0.02573229 | best_val_ic=0.04359719 | best_epoch=003
early_stopping_triggered_at_epoch=023
[train] samples=567032
[train] IC=0.03582863 | RankIC=0.04311046 | SignAcc=0.51032570 | Sharpe=0.35464361 | MSE=0.02331511
[train] Top10 IRR=0.52540096 | Top10 Sharpe=0.96936388
[train] Top30 IRR=0.74097821 | Top30 Sharpe=1.32055176
[train] Top50 IRR=0.89517032 | Top50 Sharpe=1.51223273
[validation] samples=120935
[validation] IC=0.04359719 | RankIC=0.05678799 | SignAcc=0.50689213 | Sharpe=0.95674925 | MSE=0.01292243
[validation] Top10 IRR=0.12959789 | Top10 Sharpe=0.60570430
[validation] Top30 IRR=0.71731437 | Top30 Sharpe=1.01232313
[validation] Top50 IRR=1.62572916 | Top50 Sharpe=1.55342668
[test] samples=118840
[test] IC=0.00933714 | RankIC=0.01603193 | SignAcc=0.50457758 | Sharpe=0.31882892 | MSE=0.01448650
[test] Top10 IRR=2.53418324 | Top10 Sharpe=2.02799639
[test] Top30 IRR=2.51688628 | Top30 Sharpe=2.69643828
[test] Top50 IRR=2.71316234 | Top50 Sharpe=3.13783730
